\BOOKMARK [1][-]{section.1}{\376\377\000I\000n\000t\000r\000o\000d\000u\000c\000t\000i\000o\000n\000\040\000t\000o\000\040\000P\000r\000o\000b\000a\000b\000i\000l\000i\000t\000y\000\040\000a\000n\000d\000\040\000S\000t\000a\000t\000i\000s\000t\000i\000c\000s}{}% 1
\BOOKMARK [2][-]{subsection.1.1}{\376\377\000D\000e\000f\000i\000n\000i\000t\000i\000o\000n\000s\000:}{section.1}% 2
\BOOKMARK [1][-]{section.2}{\376\377\000D\000e\000s\000c\000r\000i\000b\000i\000n\000g\000\040\000D\000a\000t\000a\000\040\000w\000i\000t\000h\000\040\000N\000u\000m\000e\000r\000i\000c\000a\000l\000\040\000M\000e\000a\000s\000u\000r\000e\000s}{}% 3
\BOOKMARK [2][-]{subsection.2.1}{\376\377\000M\000e\000a\000s\000u\000r\000e\000s\000\040\000o\000f\000\040\000C\000e\000n\000t\000e\000r}{section.2}% 4
\BOOKMARK [3][-]{subsubsection.2.1.1}{\376\377\000M\000e\000t\000h\000o\000d\000s\000\040\000o\000f\000\040\000M\000e\000a\000s\000u\000r\000e\000s\000\040\000o\000f\000\040\000C\000e\000n\000t\000e\000r}{subsection.2.1}% 5
\BOOKMARK [2][-]{subsection.2.2}{\376\377\000M\000e\000a\000s\000u\000r\000e\000s\000\040\000o\000f\000\040\000V\000a\000r\000i\000a\000b\000i\000l\000i\000t\000y}{section.2}% 6
\BOOKMARK [3][-]{subsubsection.2.2.1}{\376\377\000M\000e\000t\000h\000o\000d\000s\000\040\000o\000f\000\040\000M\000e\000a\000s\000u\000r\000e\000s\000\040\000o\000f\000\040\000V\000a\000r\000i\000a\000b\000i\000l\000i\000t\000y}{subsection.2.2}% 7
\BOOKMARK [2][-]{subsection.2.3}{\376\377\000S\000t\000a\000n\000d\000a\000r\000d\000\040\000D\000e\000v\000i\000a\000t\000i\000o\000n}{section.2}% 8
\BOOKMARK [2][-]{subsection.2.4}{\376\377\000M\000e\000a\000s\000u\000r\000e\000s\000\040\000o\000f\000\040\000C\000e\000n\000t\000e\000r\000\040\000a\000n\000d\000\040\000S\000p\000r\000e\000a\000d\000:\000\040\000T\000c\000h\000e\000b\000y\000s\000h\000e\000f\000f\000'\000s\000\040\000T\000h\000e\000o\000r\000e\000m}{section.2}% 9
\BOOKMARK [2][-]{subsection.2.5}{\376\377\000M\000e\000a\000s\000u\000r\000e\000s\000\040\000o\000f\000\040\000C\000e\000n\000t\000e\000r\000\040\000a\000n\000d\000\040\000S\000p\000r\000e\000a\000d\000:\000\040\000T\000h\000e\000\040\000E\000m\000p\000i\000r\000i\000c\000a\000l\000\040\000R\000u\000l\000e}{section.2}% 10
\BOOKMARK [2][-]{subsection.2.6}{\376\377\000A\000p\000p\000r\000o\000x\000i\000m\000a\000t\000i\000n\000g\000\040\000S\000a\000m\000p\000l\000e\000\040\000S\000t\000a\000n\000d\000a\000r\000d\000\040\000D\000e\000v\000i\000a\000t\000i\000o\000n}{section.2}% 11
\BOOKMARK [2][-]{subsection.2.7}{\376\377\000M\000e\000a\000s\000u\000r\000e\000s\000\040\000o\000f\000\040\000R\000e\000l\000a\000t\000i\000v\000e\000\040\000S\000t\000a\000n\000d\000i\000n\000g}{section.2}% 12
\BOOKMARK [3][-]{subsubsection.2.7.1}{\376\377\000Z\000-\000S\000c\000o\000r\000e\000s}{subsection.2.7}% 13
\BOOKMARK [3][-]{subsubsection.2.7.2}{\376\377\000P\000-\000t\000h\000\040\000P\000e\000r\000c\000e\000n\000t\000i\000l\000e}{subsection.2.7}% 14
\BOOKMARK [2][-]{subsection.2.8}{\376\377\000Q\000u\000a\000r\000t\000i\000l\000e\000s\000\040\000a\000n\000d\000\040\000t\000h\000e\000\040\000I\000Q\000R}{section.2}% 15
\BOOKMARK [3][-]{subsubsection.2.8.1}{\376\377\000C\000a\000l\000c\000u\000l\000a\000t\000i\000n\000g\000\040\000S\000a\000m\000p\000l\000e\000\040\000Q\000u\000a\000r\000t\000i\000l\000e\000s}{subsection.2.8}% 16
\BOOKMARK [1][-]{section.3}{\376\377\000P\000r\000o\000b\000a\000b\000i\000l\000i\000t\000y\000\040\000a\000n\000d\000\040\000P\000r\000o\000b\000a\000b\000i\000l\000i\000t\000y\000\040\000D\000i\000s\000t\000r\000i\000b\000u\000t\000i\000o\000n\000s}{}% 17
\BOOKMARK [2][-]{subsection.3.1}{\376\377\000D\000e\000f\000i\000n\000i\000t\000i\000o\000n\000s\000:}{section.3}% 18
\BOOKMARK [2][-]{subsection.3.2}{\376\377\000P\000r\000o\000b\000a\000b\000i\000l\000i\000t\000y}{section.3}% 19
\BOOKMARK [3][-]{subsubsection.3.2.1}{\376\377\000P\000r\000o\000b\000a\000b\000i\000l\000i\000t\000y\000\040\000o\000f\000\040\000a\000n\000\040\000E\000v\000e\000n\000t}{subsection.3.2}% 20
\BOOKMARK [3][-]{subsubsection.3.2.2}{\376\377\000C\000o\000u\000n\000t\000i\000n\000g\000\040\000R\000u\000l\000e\000s}{subsection.3.2}% 21
\BOOKMARK [3][-]{subsubsection.3.2.3}{\376\377\000T\000h\000e\000\040\000m\000n\000\040\000R\000u\000l\000e}{subsection.3.2}% 22
\BOOKMARK [3][-]{subsubsection.3.2.4}{\376\377\000P\000e\000r\000m\000u\000t\000a\000t\000i\000o\000n\000s}{subsection.3.2}% 23
\BOOKMARK [3][-]{subsubsection.3.2.5}{\376\377\000C\000o\000m\000b\000i\000n\000a\000t\000i\000o\000n\000s}{subsection.3.2}% 24
\BOOKMARK [2][-]{subsection.3.3}{\376\377\000E\000v\000e\000n\000t\000\040\000R\000e\000l\000a\000t\000i\000o\000n\000s}{section.3}% 25
\BOOKMARK [2][-]{subsection.3.4}{\376\377\000C\000a\000l\000c\000u\000l\000a\000t\000i\000n\000g\000\040\000P\000r\000o\000b\000a\000b\000i\000l\000i\000t\000i\000e\000s\000\040\000f\000o\000r\000\040\000U\000n\000i\000o\000n\000s\000\040\000a\000n\000d\000\040\000C\000o\000m\000p\000l\000e\000m\000e\000n\000t\000s}{section.3}% 26
\BOOKMARK [2][-]{subsection.3.5}{\376\377\000C\000o\000n\000d\000i\000t\000i\000o\000n\000a\000l\000\040\000P\000r\000o\000b\000a\000b\000i\000l\000i\000t\000i\000e\000s}{section.3}% 27
\BOOKMARK [3][-]{subsubsection.3.5.1}{\376\377\000D\000e\000f\000i\000n\000i\000n\000g\000\040\000I\000n\000d\000e\000p\000e\000n\000d\000e\000n\000c\000e}{subsection.3.5}% 28
\BOOKMARK [1][-]{section.4}{\376\377\000R\000a\000n\000d\000o\000m\000\040\000V\000a\000r\000i\000a\000b\000l\000e\000\040\000a\000n\000d\000\040\000P\000r\000o\000b\000a\000b\000i\000l\000i\000t\000y\000\040\000D\000i\000s\000t\000r\000i\000b\000u\000t\000i\000o\000n\000s}{}% 29
\BOOKMARK [2][-]{subsection.4.1}{\376\377\000R\000a\000n\000d\000o\000m\000\040\000V\000a\000r\000i\000a\000b\000l\000e\000s}{section.4}% 30
\BOOKMARK [3][-]{subsubsection.4.1.1}{\376\377\000P\000r\000o\000b\000a\000b\000i\000l\000i\000t\000y\000\040\000D\000i\000s\000t\000r\000i\000b\000u\000t\000i\000o\000n\000s\000\040\000f\000o\000r\000\040\000D\000i\000s\000c\000r\000e\000t\000e\000\040\000R\000a\000n\000d\000o\000m\000\040\000V\000a\000r\000i\000a\000b\000l\000e\000s}{subsection.4.1}% 31
\BOOKMARK [2][-]{subsection.4.2}{\376\377\000P\000r\000o\000b\000a\000b\000i\000l\000i\000t\000y\000\040\000D\000i\000s\000t\000r\000i\000b\000u\000t\000i\000o\000n\000s}{section.4}% 32
\BOOKMARK [3][-]{subsubsection.4.2.1}{\376\377\000M\000e\000a\000n\000\040\000a\000n\000d\000\040\000S\000t\000a\000n\000d\000a\000r\000d\000\040\000D\000e\000v\000i\000a\000t\000i\000o\000n}{subsection.4.2}% 33
\BOOKMARK [1][-]{section.5}{\376\377\000S\000p\000e\000c\000i\000a\000l\000\040\000D\000i\000s\000c\000r\000e\000t\000e\000\040\000D\000i\000s\000t\000r\000i\000b\000u\000t\000i\000o\000n\000s}{}% 34
\BOOKMARK [2][-]{subsection.5.1}{\376\377\000B\000i\000n\000o\000m\000i\000a\000l\000\040\000R\000a\000n\000d\000o\000m\000\040\000V\000a\000r\000i\000a\000b\000l\000e}{section.5}% 35
\BOOKMARK [3][-]{subsubsection.5.1.1}{\376\377\000B\000i\000n\000o\000m\000i\000a\000l\000\040\000E\000x\000p\000e\000r\000i\000m\000e\000n\000t}{subsection.5.1}% 36
\BOOKMARK [3][-]{subsubsection.5.1.2}{\376\377\000B\000i\000n\000o\000m\000i\000a\000l\000\040\000P\000r\000o\000b\000a\000b\000i\000l\000i\000t\000y\000\040\000D\000i\000s\000t\000r\000i\000b\000u\000t\000i\000o\000n}{subsection.5.1}% 37
\BOOKMARK [2][-]{subsection.5.2}{\376\377\000M\000e\000a\000n\000\040\000a\000n\000d\000\040\000S\000t\000a\000n\000d\000a\000r\000d\000\040\000D\000e\000v\000i\000a\000t\000i\000o\000n}{section.5}% 38
\BOOKMARK [2][-]{subsection.5.3}{\376\377\000C\000u\000m\000u\000l\000a\000t\000i\000v\000e\000\040\000P\000r\000o\000b\000a\000b\000i\000l\000i\000t\000y\000\040\000T\000a\000b\000l\000e\000s}{section.5}% 39
\BOOKMARK [2][-]{subsection.5.4}{\376\377\000P\000o\000i\000s\000s\000o\000n\000\040\000R\000a\000n\000d\000o\000m\000\040\000V\000a\000r\000i\000a\000b\000l\000e}{section.5}% 40
\BOOKMARK [3][-]{subsubsection.5.4.1}{\376\377\000P\000o\000i\000s\000s\000o\000n\000\040\000P\000r\000o\000b\000a\000b\000i\000l\000i\000t\000y\000\040\000D\000i\000s\000t\000r\000i\000b\000u\000t\000i\000o\000n}{subsection.5.4}% 41
\BOOKMARK [3][-]{subsubsection.5.4.2}{\376\377\000H\000y\000p\000e\000r\000g\000e\000o\000m\000e\000t\000r\000i\000c\000\040\000P\000r\000o\000b\000a\000b\000i\000l\000i\000t\000y\000\040\000D\000i\000s\000t\000r\000i\000b\000u\000t\000i\000o\000n}{subsection.5.4}% 42
\BOOKMARK [3][-]{subsubsection.5.4.3}{\376\377\000M\000e\000a\000n\000\040\000a\000n\000d\000\040\000V\000a\000r\000i\000a\000n\000c\000e}{subsection.5.4}% 43
\BOOKMARK [3][-]{subsubsection.5.4.4}{\376\377\000P\000o\000i\000s\000s\000o\000n\000\040\000A\000p\000p\000r\000o\000x\000i\000m\000a\000t\000i\000o\000n\000\040\000t\000o\000\040\000t\000h\000e\000\040\000B\000i\000n\000o\000m\000i\000a\000l}{subsection.5.4}% 44
\BOOKMARK [1][-]{section.6}{\376\377\000N\000o\000r\000m\000a\000l\000\040\000P\000r\000o\000b\000a\000b\000i\000l\000i\000t\000y\000\040\000D\000i\000s\000t\000r\000i\000b\000u\000t\000i\000o\000n}{}% 45
\BOOKMARK [2][-]{subsection.6.1}{\376\377\000C\000o\000n\000t\000i\000n\000u\000o\000u\000s\000\040\000R\000a\000n\000d\000o\000m\000\040\000V\000a\000r\000i\000a\000b\000l\000e\000s}{section.6}% 46
\BOOKMARK [2][-]{subsection.6.2}{\376\377\000P\000r\000o\000p\000e\000r\000t\000i\000e\000s\000\040\000o\000f\000\040\000C\000o\000n\000t\000i\000n\000u\000o\000u\000s\000\040\000P\000r\000o\000b\000a\000b\000i\000l\000i\000t\000y\000\040\000D\000i\000s\000t\000r\000i\000b\000u\000t\000i\000o\000n}{section.6}% 47
\BOOKMARK [2][-]{subsection.6.3}{\376\377\000N\000o\000r\000m\000a\000l\000\040\000D\000i\000s\000t\000r\000i\000b\000u\000t\000i\000o\000n}{section.6}% 48
\BOOKMARK [2][-]{subsection.6.4}{\376\377\000S\000t\000a\000n\000d\000a\000r\000d\000\040\000N\000o\000r\000m\000a\000l\000\040\000D\000i\000s\000t\000r\000i\000b\000u\000t\000i\000o\000n}{section.6}% 49
\BOOKMARK [3][-]{subsubsection.6.4.1}{\376\377\000S\000o\000l\000v\000e\000\040\000P\000r\000o\000b\000l\000e\000m\000s\000\040\000U\000s\000i\000n\000g\000\040\000S\000t\000a\000t\000i\000s\000t\000i\000c\000a\000l\000\040\000T\000a\000b\000l\000e\000\040\0003}{subsection.6.4}% 50
\BOOKMARK [3][-]{subsubsection.6.4.2}{\376\377\000F\000i\000n\000d\000i\000n\000g\000\040\000P\000r\000o\000b\000a\000b\000i\000l\000i\000t\000i\000e\000s\000\040\000f\000o\000r\000\040\000t\000h\000e\000\040\000G\000e\000n\000e\000r\000a\000l\000\040\000N\000o\000r\000m\000a\000l\000\040\000R\000a\000n\000d\000o\000m\000\040\000V\000a\000r\000i\000a\000b\000l\000e}{subsection.6.4}% 51
\BOOKMARK [2][-]{subsection.6.5}{\376\377\000N\000o\000r\000m\000a\000l\000\040\000A\000p\000p\000r\000o\000x\000i\000m\000a\000t\000i\000o\000n\000\040\000t\000o\000\040\000t\000h\000e\000\040\000B\000i\000n\000o\000m\000i\000a\000l}{section.6}% 52
\BOOKMARK [3][-]{subsubsection.6.5.1}{\376\377\000A\000p\000p\000r\000o\000x\000i\000m\000a\000t\000i\000n\000g\000\040\000t\000h\000e\000\040\000B\000i\000n\000o\000m\000i\000a\000l}{subsection.6.5}% 53
\BOOKMARK [1][-]{section.7}{\376\377\000S\000a\000m\000p\000l\000i\000n\000g\000\040\000D\000i\000s\000t\000r\000i\000b\000u\000t\000i\000o\000n\000s}{}% 54
\BOOKMARK [2][-]{subsection.7.1}{\376\377\000S\000a\000m\000p\000l\000i\000n\000g}{section.7}% 55
\BOOKMARK [3][-]{subsubsection.7.1.1}{\376\377\000S\000a\000m\000p\000l\000i\000n\000g\000\040\000D\000i\000s\000t\000r\000i\000b\000u\000t\000i\000o\000n\000s\000\040\000f\000o\000r\000\040\000S\000t\000a\000t\000i\000s\000t\000i\000c\000s}{subsection.7.1}% 56
\BOOKMARK [3][-]{subsubsection.7.1.2}{\376\377\000I\000m\000p\000o\000r\000t\000a\000n\000c\000e\000\040\000o\000f\000\040\000S\000a\000m\000p\000l\000i\000n\000g\000\040\000D\000i\000s\000t\000r\000i\000b\000u\000t\000i\000o\000n\000s\000\040\000f\000o\000r\000\040\000S\000t\000a\000t\000i\000s\000t\000i\000c\000s}{subsection.7.1}% 57
\BOOKMARK [3][-]{subsubsection.7.1.3}{\376\377\000D\000e\000f\000i\000n\000i\000t\000i\000o\000n\000\040\000o\000f\000\040\000L\000a\000r\000g\000e}{subsection.7.1}% 58
\BOOKMARK [2][-]{subsection.7.2}{\376\377\000S\000a\000m\000p\000l\000i\000n\000g\000\040\000D\000i\000s\000t\000r\000i\000b\000u\000t\000i\000o\000n\000\040\000o\000f\000\040\000t\000h\000e\000\040\000S\000a\000m\000p\000l\000e\000\040\000M\000e\000a\000n}{section.7}% 59
\BOOKMARK [2][-]{subsection.7.3}{\376\377\000F\000i\000n\000d\000i\000n\000g\000\040\000P\000r\000o\000b\000a\000b\000i\000l\000i\000t\000i\000e\000s\000\040\000f\000o\000r\000\040\000t\000h\000e\000\040\000S\000a\000m\000p\000l\000e\000\040\000M\000e\000a\000n}{section.7}% 60
\BOOKMARK [3][-]{subsubsection.7.3.1}{\376\377\000E\000x\000a\000m\000p\000l\000e\000\040\0002}{subsection.7.3}% 61
\BOOKMARK [2][-]{subsection.7.4}{\376\377\000S\000a\000m\000p\000l\000i\000n\000g\000\040\000D\000i\000s\000t\000r\000i\000b\000u\000t\000i\000o\000n\000\040\000o\000f\000\040\000t\000h\000e\000\040\000S\000a\000m\000p\000l\000e\000\040\000P\000r\000o\000p\000o\000r\000t\000i\000o\000n}{section.7}% 62
\BOOKMARK [3][-]{subsubsection.7.4.1}{\376\377\000F\000i\000n\000d\000i\000n\000g\000\040\000P\000r\000o\000b\000a\000b\000i\000l\000i\000t\000i\000e\000s\000\040\000f\000o\000r\000\040\000t\000h\000e\000\040\000S\000a\000m\000p\000l\000e\000\040\000P\000r\000o\000p\000o\000r\000t\000i\000o\000n}{subsection.7.4}% 63
\BOOKMARK [1][-]{section.8}{\376\377\000L\000a\000r\000g\000e\000-\000S\000a\000m\000p\000l\000e\000\040\000E\000s\000t\000i\000m\000a\000t\000i\000o\000n}{}% 64
\BOOKMARK [2][-]{subsection.8.1}{\376\377\000I\000n\000t\000e\000r\000v\000a\000l\000\040\000E\000s\000t\000i\000m\000a\000t\000i\000o\000n}{section.8}% 65
\BOOKMARK [2][-]{subsection.8.2}{\376\377\000E\000s\000t\000i\000m\000a\000t\000i\000n\000g\000\040\000M\000e\000a\000n\000s\000\040\000a\000n\000d\000\040\000P\000r\000o\000p\000o\000r\000t\000i\000o\000n\000s}{section.8}% 66
\BOOKMARK [2][-]{subsection.8.3}{\376\377\000C\000o\000n\000f\000i\000d\000e\000n\000c\000e\000\040\000I\000n\000t\000e\000r\000v\000a\000l\000s\000\040\000f\000o\000r\000\040\000M\000e\000a\000n\000s\000\040\000a\000n\000d\000\040\000P\000r\000o\000p\000o\000r\000t\000i\000o\000n\000s}{section.8}% 67
\BOOKMARK [2][-]{subsection.8.4}{\376\377\000E\000s\000t\000i\000m\000a\000t\000i\000n\000g\000\040\000t\000h\000e\000\040\000D\000i\000f\000f\000e\000r\000e\000n\000c\000e\000\040\000b\000e\000t\000w\000e\000e\000n\000\040\000T\000w\000o\000\040\000M\000e\000a\000n\000s}{section.8}% 68
\BOOKMARK [2][-]{subsection.8.5}{\376\377\000S\000a\000m\000p\000l\000i\000n\000g\000\040\000D\000i\000s\000t\000r\000i\000b\000u\000t\000i\000o\000n\000\040\000o\000f\000\040\000t\000h\000e\000\040\000S\000a\000m\000p\000l\000e\000\040\000M\000e\000a\000n\000s}{section.8}% 69
\BOOKMARK [3][-]{subsubsection.8.5.1}{\376\377\000E\000s\000t\000i\000m\000a\000t\000i\000n\000g\000\040\000P\000o\000p\000u\000l\000a\000t\000i\000o\000n\000\040\000M\000e\000a\000n\000s}{subsection.8.5}% 70
\BOOKMARK [3][-]{subsubsection.8.5.2}{\376\377\000E\000s\000t\000i\000m\000a\000t\000i\000n\000g\000\040\000t\000h\000e\000\040\000D\000i\000f\000f\000e\000r\000e\000n\000c\000e\000\040\000b\000e\000t\000w\000e\000e\000n\000\040\000T\000w\000o\000\040\000P\000r\000o\000p\000o\000r\000t\000i\000o\000n\000s}{subsection.8.5}% 71
\BOOKMARK [2][-]{subsection.8.6}{\376\377\000S\000a\000m\000p\000l\000i\000n\000g\000\040\000D\000i\000s\000t\000r\000i\000b\000u\000t\000i\000o\000n\000\040\000o\000f\000\040\000S\000a\000m\000p\000l\000e\000\040\000P\000r\000o\000p\000o\000r\000t\000i\000o\000n\000s}{section.8}% 72
\BOOKMARK [3][-]{subsubsection.8.6.1}{\376\377\000E\000s\000t\000i\000m\000a\000t\000i\000n\000g\000\040\000P\000o\000p\000u\000l\000a\000t\000i\000o\000n\000\040\000P\000r\000o\000p\000o\000r\000t\000i\000o\000n\000s}{subsection.8.6}% 73
\BOOKMARK [3][-]{subsubsection.8.6.2}{\376\377\000C\000h\000o\000o\000s\000i\000n\000g\000\040\000t\000h\000e\000\040\000S\000a\000m\000p\000l\000e\000\040\000S\000i\000z\000e}{subsection.8.6}% 74
\BOOKMARK [1][-]{section.9}{\376\377\000L\000a\000r\000g\000e\000-\000S\000a\000m\000p\000l\000e\000\040\000T\000e\000s\000t\000s\000\040\000o\000f\000\040\000H\000y\000p\000o\000t\000h\000e\000s\000e\000s}{}% 75
\BOOKMARK [2][-]{subsection.9.1}{\376\377\000H\000y\000p\000o\000t\000h\000e\000s\000i\000s\000,\000\040\000N\000u\000l\000l\000\040\000a\000n\000d\000\040\000A\000l\000t\000e\000r\000n\000a\000t\000i\000v\000e\000\040\000H\000y\000p\000o\000t\000h\000e\000s\000i\000s}{section.9}% 76
\BOOKMARK [3][-]{subsubsection.9.1.1}{\376\377\000O\000n\000e\000\040\000a\000n\000d\000\040\000T\000w\000o\000\040\000S\000i\000d\000e\000d\000\040\000A\000l\000t\000e\000r\000n\000a\000t\000i\000v\000e\000s}{subsection.9.1}% 77
\BOOKMARK [2][-]{subsection.9.2}{\376\377\000T\000e\000s\000t\000i\000n\000g\000\040\000a\000\040\000N\000u\000l\000l\000\040\000H\000y\000p\000o\000t\000h\000e\000s\000i\000s}{section.9}% 78
\BOOKMARK [3][-]{subsubsection.9.2.1}{\376\377\000C\000r\000i\000t\000i\000c\000a\000l\000\040\000V\000a\000l\000u\000e\000\040\000M\000e\000t\000h\000o\000d}{subsection.9.2}% 79
\BOOKMARK [3][-]{subsubsection.9.2.2}{\376\377\000P\000-\000V\000a\000l\000u\000e\000\040\000M\000e\000t\000h\000o\000d\000:\000\040\000L\000i\000k\000e\000l\000y\000\040\000o\000r\000\040\000U\000n\000l\000i\000k\000e\000l\000y\000?}{subsection.9.2}% 80
\BOOKMARK [3][-]{subsubsection.9.2.3}{\376\377\000S\000t\000a\000t\000i\000s\000t\000i\000c\000a\000l\000\040\000S\000i\000g\000n\000i\000f\000i\000c\000a\000n\000c\000e\000\040\000o\000f\000\040\000P\000-\000V\000a\000l\000u\000e\000s}{subsection.9.2}% 81
\BOOKMARK [2][-]{subsection.9.3}{\376\377\000C\000o\000n\000f\000i\000d\000e\000n\000c\000e\000\040\000I\000n\000t\000e\000r\000v\000a\000l\000\040\000M\000e\000t\000h\000o\000d}{section.9}% 82
\BOOKMARK [3][-]{subsubsection.9.3.1}{\376\377\000S\000t\000a\000t\000i\000s\000t\000i\000c\000a\000l\000\040\000S\000i\000g\000n\000i\000f\000i\000c\000a\000n\000c\000e\000\040\000o\000f\000\040\000t\000h\000e\000\040\000C\000o\000n\000f\000i\000d\000e\000n\000c\000e\000\040\000I\000n\000t\000e\000r\000v\000a\000l\000\040\000M\000e\000t\000h\000o\000d}{subsection.9.3}% 83
\BOOKMARK [2][-]{subsection.9.4}{\376\377\000T\000e\000s\000t\000i\000n\000g\000\040\000t\000h\000e\000\040\000D\000i\000f\000f\000e\000r\000e\000n\000c\000e\000\040\000b\000e\000t\000w\000e\000e\000n\000\040\000T\000w\000o\000\040\000M\000e\000a\000n\000s}{section.9}% 84
\BOOKMARK [2][-]{subsection.9.5}{\376\377\000T\000e\000s\000t\000i\000n\000g\000\040\000a\000\040\000B\000i\000n\000o\000m\000i\000a\000l\000\040\000P\000r\000o\000p\000o\000r\000t\000i\000o\000n}{section.9}% 85
\BOOKMARK [2][-]{subsection.9.6}{\376\377\000T\000e\000s\000t\000i\000n\000g\000\040\000t\000h\000e\000\040\000D\000i\000f\000f\000e\000r\000e\000n\000c\000e\000\040\000b\000e\000t\000w\000e\000e\000n\000\040\000T\000w\000o\000\040\000P\000r\000o\000p\000o\000r\000t\000i\000o\000n\000s}{section.9}% 86
\BOOKMARK [2][-]{subsection.9.7}{\376\377\000S\000t\000e\000p\000s\000\040\000i\000n\000\040\000H\000y\000p\000o\000t\000h\000e\000s\000i\000s\000\040\000T\000e\000s\000t\000i\000n\000g}{section.9}% 87
\BOOKMARK [1][-]{section.10}{\376\377\000I\000n\000f\000e\000r\000e\000n\000c\000e\000\040\000f\000r\000o\000m\000\040\000S\000m\000a\000l\000l\000\040\000S\000a\000m\000p\000l\000e\000s}{}% 88
\BOOKMARK [2][-]{subsection.10.1}{\376\377\000S\000t\000u\000d\000e\000n\000t\000'\000s\000\040\000'\000t\000'\000\040\000D\000i\000s\000t\000r\000i\000b\000u\000t\000i\000o\000n}{section.10}% 89
\BOOKMARK [3][-]{subsubsection.10.1.1}{\376\377\000P\000r\000o\000p\000e\000r\000t\000i\000e\000s\000\040\000o\000f\000\040\000S\000t\000u\000d\000e\000n\000t\000'\000s\000\040\000'\000t\000'\000\040\000D\000i\000s\000t\000r\000i\000b\000u\000t\000i\000o\000n}{subsection.10.1}% 90
\BOOKMARK [2][-]{subsection.10.2}{\376\377\000S\000m\000a\000l\000l\000\040\000S\000a\000m\000p\000l\000e\000\040\000I\000n\000f\000e\000r\000e\000n\000c\000e\000\040\000f\000o\000r\000\040\000a\000\040\000P\000o\000p\000u\000l\000a\000t\000i\000o\000n\000\040\000M\000e\000a\000n}{section.10}% 91
\BOOKMARK [2][-]{subsection.10.3}{\376\377\000T\000e\000s\000t\000i\000n\000g\000\040\000t\000h\000e\000\040\000D\000i\000f\000f\000e\000r\000e\000n\000c\000e\000\040\000b\000e\000t\000w\000e\000e\000n\000\040\000T\000w\000o\000\040\000M\000e\000a\000n\000s}{section.10}% 92
\BOOKMARK [2][-]{subsection.10.4}{\376\377\000T\000h\000e\000\040\000P\000a\000i\000r\000e\000d\000-\000D\000i\000f\000f\000e\000r\000e\000n\000c\000e\000\040\000T\000e\000s\000t}{section.10}% 93
\BOOKMARK [2][-]{subsection.10.5}{\376\377\000I\000n\000f\000e\000r\000e\000n\000c\000e\000\040\000C\000o\000n\000c\000e\000r\000n\000i\000n\000g\000\040\000a\000\040\000P\000o\000p\000u\000l\000a\000t\000i\000o\000n\000\040\000V\000a\000r\000i\000a\000n\000c\000e}{section.10}% 94
\BOOKMARK [2][-]{subsection.10.6}{\376\377\000I\000n\000f\000e\000r\000e\000n\000c\000e\000\040\000C\000o\000n\000c\000e\000r\000n\000i\000n\000g\000\040\000T\000w\000o\000\040\000P\000o\000p\000u\000l\000a\000t\000i\000o\000n\000\040\000V\000a\000r\000i\000a\000n\000c\000e\000s}{section.10}% 95
\BOOKMARK [3][-]{subsubsection.10.6.1}{\376\377\000N\000o\000t\000e\000\040\000f\000o\000r\000\040\000t\000h\000e\000\040\000F\000-\000T\000e\000s\000t}{subsection.10.6}% 96
\BOOKMARK [3][-]{subsubsection.10.6.2}{\376\377\000C\000o\000n\000f\000i\000d\000e\000n\000c\000e\000\040\000I\000n\000t\000e\000r\000v\000a\000l\000\040\000f\000o\000r\000\040\000S\000i\000g\000m\000a\000\040\000/\000\040\000S\000i\000g\000m\000a}{subsection.10.6}% 97
